\BOOKMARK [0][-]{chapter.1}{\376\377\230\171\166\356\140\073\117\123\122\237\200\375\151\202\217\360\123\312\136\372\213\276\140\073\215\357\176\277\126\376}{}% 1
\BOOKMARK [0][-]{chapter.2}{\376\377\136\002\127\072\000P\000C\177\121\172\331\122\237\200\375\152\041\127\127\377\010\173\054\116\000\147\037\377\011}{}% 2
\BOOKMARK [1][-]{section.2.1}{\376\377\231\226\230\165\377\010\136\002\127\072\117\341\140\157\377\011}{chapter.2}% 3
\BOOKMARK [1][-]{section.2.2}{\376\377\125\106\142\067\134\125\171\072}{chapter.2}% 4
\BOOKMARK [1][-]{section.2.3}{\376\377\125\106\142\067\116\055\137\303}{chapter.2}% 5
\BOOKMARK [2][-]{subsection.2.3.1}{\376\377\165\050\142\067\166\173\137\125}{section.2.3}% 6
\BOOKMARK [2][-]{subsection.2.3.2}{\376\377\147\345\167\013\125\106\224\372}{section.2.3}% 7
\BOOKMARK [2][-]{subsection.2.3.3}{\376\377\177\064\176\263\171\337\221\321}{section.2.3}% 8
\BOOKMARK [2][-]{subsection.2.3.4}{\376\377\177\026\217\221\125\106\142\067\117\341\140\157}{section.2.3}% 9
\BOOKMARK [1][-]{section.2.4}{\376\377\155\210\140\157\116\055\137\303}{chapter.2}% 10
\BOOKMARK [0][-]{chapter.3}{\376\377\136\002\127\072\121\154\117\027\123\367\136\372\213\276\377\010\173\054\116\000\147\037\377\011}{}% 11
\BOOKMARK [1][-]{section.3.1}{\376\377\136\002\127\072\117\341\140\157}{chapter.3}% 12
\BOOKMARK [2][-]{subsection.3.1.1}{\376\377\136\002\127\072\116\313\176\315}{section.3.1}% 13
\BOOKMARK [2][-]{subsection.3.1.2}{\376\377\125\106\142\067\117\341\140\157}{section.3.1}% 14
\BOOKMARK [1][-]{section.3.2}{\376\377\125\106\142\067\116\055\137\303}{chapter.3}% 15
\BOOKMARK [2][-]{subsection.3.2.1}{\376\377\142\021\166\204\125\106\224\372}{section.3.2}% 16
\BOOKMARK [2][-]{subsection.3.2.2}{\376\377\177\064\176\263\171\337\221\321}{section.3.2}% 17
\BOOKMARK [2][-]{subsection.3.2.3}{\376\377\116\052\116\272\213\276\177\156}{section.3.2}% 18
\BOOKMARK [1][-]{section.3.3}{\376\377\155\210\140\157\143\250\220\001}{chapter.3}% 19
\BOOKMARK [0][-]{chapter.4}{\376\377\136\002\127\072\173\241\164\006\124\016\123\360\377\010\173\054\116\000\147\037\377\011}{}% 20
\BOOKMARK [1][-]{section.4.1}{\376\377\231\226\230\165}{chapter.4}% 21
\BOOKMARK [1][-]{section.4.2}{\376\377\125\106\142\067\150\143\150\110}{chapter.4}% 22
\BOOKMARK [1][-]{section.4.3}{\376\377\125\106\224\372\150\143\150\110}{chapter.4}% 23
\BOOKMARK [1][-]{section.4.4}{\376\377\123\321\136\003\220\032\167\345}{chapter.4}% 24
\BOOKMARK [1][-]{section.4.5}{\376\377\000b\000a\000n\000n\000e\000r\126\376\173\241\164\006}{chapter.4}% 25
\BOOKMARK [0][-]{chapter.5}{\376\377\230\171\166\356\230\204\147\037\217\333\136\246}{}% 26
\BOOKMARK [0][-]{chapter.6}{\376\377\230\171\166\356\220\350\177\162\133\236\145\275}{}% 27
\BOOKMARK [1][-]{section.6.1}{\376\377\230\171\166\356\213\325\217\320\210\114\123\312\117\030\123\026}{chapter.6}% 28
\BOOKMARK [1][-]{section.6.2}{\376\377\217\157\116\366\220\350\177\162}{chapter.6}% 29
\BOOKMARK [1][-]{section.6.3}{\376\377\136\002\127\072\166\370\121\163\116\032\122\241\116\272\124\130\127\371\213\255}{chapter.6}% 30
\BOOKMARK [1][-]{section.6.4}{\376\377\217\320\176\364\123\312\125\056\124\016\147\015\122\241}{chapter.6}% 31
\BOOKMARK [2][-]{subsection.6.4.1}{\376\377\230\171\166\356\217\320\176\364\145\057\143\001\147\015\122\241}{section.6.4}% 32
\BOOKMARK [2][-]{subsection.6.4.2}{\376\377\230\171\166\356\125\056\124\016\147\015\122\241}{section.6.4}% 33
\BOOKMARK [0][-]{appendix.A}{\376\377\173\054\116\000\147\037\142\100\227\000\145\160\143\156\210\150\123\125\123\312\143\245\123\343}{}% 34
\BOOKMARK [0][-]{appendix.B}{\376\377\230\171\166\356\217\157\170\154\116\366\142\200\147\057\123\302\145\160\123\302\200\003}{}% 35
