\BOOKMARK [0][-]{chapter.1}{\376\377\230\171\166\356\140\073\117\123\122\237\200\375\151\202\217\360\123\312\136\372\213\276\140\073\215\357\176\277\126\376}{}% 1
\BOOKMARK [0][-]{chapter.2}{\376\377\116\323\120\250\173\241\164\006\174\373\176\337\116\032\122\241\220\073\217\221}{}% 2
\BOOKMARK [1][-]{section.2.1}{}{chapter.2}% 3
\BOOKMARK [0][-]{chapter.3}{\376\377\116\323\120\250\173\241\164\006\174\373\176\337\116\032\122\241\122\115\172\357}{}% 4
\BOOKMARK [1][-]{section.3.1}{}{chapter.3}% 5
\BOOKMARK [0][-]{chapter.4}{\376\377\136\002\127\072\000P\000C\177\121\172\331\122\237\200\375\377\010\173\054\116\214\147\037\377\011}{}% 6
\BOOKMARK [1][-]{section.4.1}{\376\377\116\323\120\250\116\032\122\241\116\313\176\315}{chapter.4}% 7
\BOOKMARK [1][-]{section.4.2}{\376\377\142\021\166\204\116\323\136\223}{chapter.4}% 8
\BOOKMARK [1][-]{section.4.3}{\376\377\215\047\162\151\142\130\173\241\165\063\213\367}{chapter.4}% 9
\BOOKMARK [0][-]{chapter.5}{\376\377\136\002\127\072\121\154\117\027\123\367\136\372\213\276\377\010\173\054\116\214\147\037\377\011}{}% 10
\BOOKMARK [1][-]{section.5.1}{\376\377\116\323\120\250\116\032\122\241\116\313\176\315}{chapter.5}% 11
\BOOKMARK [1][-]{section.5.2}{\376\377\142\021\166\204\116\323\136\223}{chapter.5}% 12
\BOOKMARK [1][-]{section.5.3}{\376\377\215\047\162\151\142\130\173\241\165\063\213\367}{chapter.5}% 13
\BOOKMARK [0][-]{chapter.6}{\376\377\136\002\127\072\173\241\164\006\124\016\123\360\377\010\173\054\116\214\147\037\377\011}{}% 14
\BOOKMARK [1][-]{section.6.1}{\376\377\116\323\136\223\166\321\143\247}{chapter.6}% 15
\BOOKMARK [1][-]{section.6.2}{\376\377\136\223\133\130\173\241\164\006}{chapter.6}% 16
\BOOKMARK [1][-]{section.6.3}{\376\377\123\206\123\362\213\260\137\125}{chapter.6}% 17
\BOOKMARK [1][-]{section.6.4}{\376\377\145\160\143\156\142\245\210\150}{chapter.6}% 18
\BOOKMARK [0][-]{chapter.7}{\376\377\230\171\166\356\230\204\147\037\217\333\136\246}{}% 19
\BOOKMARK [0][-]{chapter.8}{\376\377\230\171\166\356\220\350\177\162\133\236\145\275}{}% 20
\BOOKMARK [0][-]{appendix.A}{\376\377\173\054\116\000\147\037\230\171\166\356\136\372\213\276\142\100\227\000\124\004\174\173\145\160\143\156\210\150\123\125\123\312\143\245\123\343}{}% 21
\BOOKMARK [0][-]{appendix.B}{\376\377\230\171\166\356\173\054\116\000\147\037\142\245\116\367\123\125}{}% 22
